<?xml version="1.0" encoding="UTF-8"?>
<!-- Generated by org.testng.reporters.JUnitReportReporter -->
<testsuite hostname="MFXCHNLT-120" failures="0" tests="1" name="AutomationDemo.windowsHandler" time="74.353" errors="0" timestamp="2021-12-08T20:12:57 IST" skipped="0">
  <testcase classname="AutomationDemo.windowsHandler" name="ChromePage" time="74.353"/>
  <system-out/>
</testsuite> <!-- AutomationDemo.windowsHandler -->
