<?xml version="1.0" encoding="UTF-8"?>
<!-- Generated by org.testng.reporters.JUnitReportReporter -->
<testsuite hostname="MFXCHNLT-120" failures="0" tests="1" name="AutomationDemo.redbus" time="8.475" errors="0" timestamp="2021-12-13T07:08:16 IST" skipped="0">
  <testcase classname="AutomationDemo.redbus" name="busSearch" time="8.475"/>
  <system-out/>
</testsuite> <!-- AutomationDemo.redbus -->
