<?xml version="1.0" encoding="UTF-8"?>
<!-- Generated by org.testng.reporters.JUnitReportReporter -->
<testsuite hostname="MFXCHNLT-120" failures="0" tests="1" name="AutomationDemo.OceanAcademy" time="19.129" errors="0" timestamp="2021-12-13T09:32:12 IST" skipped="0">
  <testcase classname="AutomationDemo.OceanAcademy" name="actionClassDemo" time="19.129"/>
  <system-out/>
</testsuite> <!-- AutomationDemo.OceanAcademy -->
