<?xml version="1.0" encoding="UTF-8"?>
<!-- Generated by org.testng.reporters.JUnitReportReporter -->
<testsuite hostname="MFXCHNLT-120" failures="0" tests="1" name="AutomationDemo.windowHandler" time="11.176" errors="0" timestamp="2021-12-02T21:08:49 IST" skipped="0">
  <testcase classname="AutomationDemo.windowHandler" name="countofElements" time="11.176"/>
  <system-out/>
</testsuite> <!-- AutomationDemo.windowHandler -->
