<?xml version="1.0" encoding="UTF-8"?>
<!-- Generated by org.testng.reporters.JUnitReportReporter -->
<testsuite hostname="MFXCHNLT-120" failures="0" tests="1" name="edu.learning.FirstClass" time="0.016" errors="0" timestamp="2021-11-25T11:16:02 IST" skipped="0">
  <testcase classname="edu.learning.FirstClass" name="method1" time="0.016"/>
  <system-out/>
</testsuite> <!-- edu.learning.FirstClass -->
